  [1m[35m (4.5ms)[0m  [1m[35mCREATE DATABASE `nuxt_rails_firebase_development` DEFAULT CHARACTER SET `utf8mb4`[0m
  [1m[35m (5.0ms)[0m  [1m[35mCREATE DATABASE `nuxt_rails_firebase_test` DEFAULT CHARACTER SET `utf8mb4`[0m
  [1m[35m (49.6ms)[0m  [1m[35mCREATE TABLE `schema_migrations` (`version` varchar(255) NOT NULL PRIMARY KEY)[0m
  [1m[35m (17.5ms)[0m  [1m[35mCREATE TABLE `ar_internal_metadata` (`key` varchar(255) NOT NULL PRIMARY KEY, `value` varchar(255), `created_at` datetime(6) NOT NULL, `updated_at` datetime(6) NOT NULL)[0m
  [1m[35m (1.0ms)[0m  [1m[34mSELECT GET_LOCK('7201319334786434025', 0)[0m
  [1m[36mActiveRecord::SchemaMigration Pluck (7.3ms)[0m  [1m[34mSELECT `schema_migrations`.`version` FROM `schema_migrations` ORDER BY `schema_migrations`.`version` ASC[0m
Migrating to CreateUsers (20220314124956)
  [1m[35m (0.5ms)[0m  [1m[34mSELECT RELEASE_LOCK('7201319334786434025')[0m
  [1m[35m (0.3ms)[0m  [1m[34mSELECT GET_LOCK('7201319334786434025', 0)[0m
  [1m[36mActiveRecord::SchemaMigration Pluck (0.6ms)[0m  [1m[34mSELECT `schema_migrations`.`version` FROM `schema_migrations` ORDER BY `schema_migrations`.`version` ASC[0m
Migrating to CreateUsers (20220314124956)
  [1m[35m (0.5ms)[0m  [1m[34mSELECT RELEASE_LOCK('7201319334786434025')[0m
  [1m[35m (0.3ms)[0m  [1m[34mSELECT GET_LOCK('7201319334786434025', 0)[0m
  [1m[36mActiveRecord::SchemaMigration Pluck (0.5ms)[0m  [1m[34mSELECT `schema_migrations`.`version` FROM `schema_migrations` ORDER BY `schema_migrations`.`version` ASC[0m
Migrating to CreateUsers (20220314124956)
  [1m[35m (0.4ms)[0m  [1m[34mSELECT RELEASE_LOCK('7201319334786434025')[0m
  [1m[35m (0.4ms)[0m  [1m[34mSELECT GET_LOCK('7201319334786434025', 0)[0m
  [1m[36mActiveRecord::SchemaMigration Pluck (0.5ms)[0m  [1m[34mSELECT `schema_migrations`.`version` FROM `schema_migrations` ORDER BY `schema_migrations`.`version` ASC[0m
Migrating to CreateUsers (20220314124956)
  [1m[35m (30.6ms)[0m  [1m[35mCREATE TABLE `users` (`id` bigint NOT NULL AUTO_INCREMENT PRIMARY KEY, `name` varchar(255) DEFAULT '' NOT NULL, `uid` varchar(255) DEFAULT '' NOT NULL, `created_at` datetime(6) NOT NULL, `updated_at` datetime(6) NOT NULL, UNIQUE INDEX `index_users_on_uid` (`uid`))[0m
  [1m[36mTRANSACTION (0.4ms)[0m  [1m[35mBEGIN[0m
  [1m[36mActiveRecord::SchemaMigration Create (6.4ms)[0m  [1m[32mINSERT INTO `schema_migrations` (`version`) VALUES ('20220314124956')[0m
  [1m[36mTRANSACTION (3.5ms)[0m  [1m[35mCOMMIT[0m
  [1m[36mActiveRecord::InternalMetadata Load (1.9ms)[0m  [1m[34mSELECT `ar_internal_metadata`.* FROM `ar_internal_metadata` WHERE `ar_internal_metadata`.`key` = 'environment' LIMIT 1[0m
  [1m[36mTRANSACTION (0.5ms)[0m  [1m[35mBEGIN[0m
  [1m[36mActiveRecord::InternalMetadata Create (0.7ms)[0m  [1m[32mINSERT INTO `ar_internal_metadata` (`key`, `value`, `created_at`, `updated_at`) VALUES ('environment', 'development', '2022-03-14 12:57:07.132103', '2022-03-14 12:57:07.132103')[0m
  [1m[36mTRANSACTION (3.8ms)[0m  [1m[35mCOMMIT[0m
  [1m[35m (0.7ms)[0m  [1m[34mSELECT RELEASE_LOCK('7201319334786434025')[0m
  [1m[36mActiveRecord::SchemaMigration Pluck (0.5ms)[0m  [1m[34mSELECT `schema_migrations`.`version` FROM `schema_migrations` ORDER BY `schema_migrations`.`version` ASC[0m
Started POST "/api/v1/auth/users" for 172.18.0.1 at 2022-03-15 08:15:28 +0900
  [1m[36mActiveRecord::SchemaMigration Pluck (5.7ms)[0m  [1m[34mSELECT `schema_migrations`.`version` FROM `schema_migrations` ORDER BY `schema_migrations`.`version` ASC[0m
Processing by Api::V1::Auth::UsersController#create as */*
  Parameters: {"token"=>"[FILTERED]"}
Completed 500 Internal Server Error in 59ms (ActiveRecord: 0.0ms | Allocations: 16912)


  
ArgumentError (BadRequest Parameter):
  
app/controllers/api/v1/auth/users_controller.rb:10:in `create'
Started GET "/" for 172.18.0.1 at 2022-03-15 08:15:59 +0900
Processing by Rails::WelcomeController#index as HTML
  Rendering /usr/local/bundle/gems/railties-7.0.2.3/lib/rails/templates/rails/welcome/index.html.erb
  Rendered /usr/local/bundle/gems/railties-7.0.2.3/lib/rails/templates/rails/welcome/index.html.erb (Duration: 12.2ms | Allocations: 828)
Completed 200 OK in 141ms (Views: 56.4ms | ActiveRecord: 0.0ms | Allocations: 7474)


Started GET "/" for 172.18.0.1 at 2022-03-15 08:16:03 +0900
Processing by Rails::WelcomeController#index as HTML
  Rendering /usr/local/bundle/gems/railties-7.0.2.3/lib/rails/templates/rails/welcome/index.html.erb
  Rendered /usr/local/bundle/gems/railties-7.0.2.3/lib/rails/templates/rails/welcome/index.html.erb (Duration: 0.9ms | Allocations: 410)
Completed 200 OK in 5ms (Views: 4.4ms | ActiveRecord: 0.0ms | Allocations: 1402)


Started GET "/" for 172.18.0.1 at 2022-03-15 08:16:04 +0900
Processing by Rails::WelcomeController#index as HTML
  Rendering /usr/local/bundle/gems/railties-7.0.2.3/lib/rails/templates/rails/welcome/index.html.erb
  Rendered /usr/local/bundle/gems/railties-7.0.2.3/lib/rails/templates/rails/welcome/index.html.erb (Duration: 0.1ms | Allocations: 24)
Completed 200 OK in 2ms (Views: 1.9ms | ActiveRecord: 0.0ms | Allocations: 300)


Started POST "/api/v1/auth/users" for 172.18.0.1 at 2022-03-15 08:16:10 +0900
Processing by Api::V1::Auth::UsersController#create as */*
  Parameters: {"token"=>"[FILTERED]"}
Completed 500 Internal Server Error in 2ms (ActiveRecord: 0.0ms | Allocations: 317)


  
ArgumentError (BadRequest Parameter):
  
app/controllers/api/v1/auth/users_controller.rb:10:in `create'
Started POST "/api/v1/auth/users" for 172.18.0.1 at 2022-03-15 08:18:57 +0900
  [1m[36mActiveRecord::SchemaMigration Pluck (7.7ms)[0m  [1m[34mSELECT `schema_migrations`.`version` FROM `schema_migrations` ORDER BY `schema_migrations`.`version` ASC[0m
Processing by Api::V1::Auth::UsersController#create as */*
  Parameters: {"token"=>"[FILTERED]"}
  [1m[36mUser Load (5.3ms)[0m  [1m[34mSELECT `users`.* FROM `users` WHERE `users`.`uid` = 'xFEKKYKWzUYiN9TjVIUSwm8XCMN2' LIMIT 1[0m
  â†³ app/controllers/api/v1/auth/users_controller.rb:11:in `create'
  [1m[36mTRANSACTION (0.6ms)[0m  [1m[35mBEGIN[0m
  â†³ app/controllers/api/v1/auth/users_controller.rb:14:in `create'
  [1m[36mUser Create (1.1ms)[0m  [1m[32mINSERT INTO `users` (`name`, `uid`, `created_at`, `updated_at`) VALUES ('ä½è—¤å¤§åœ°', 'xFEKKYKWzUYiN9TjVIUSwm8XCMN2', '2022-03-14 23:18:57.624897', '2022-03-14 23:18:57.624897')[0m
  â†³ app/controllers/api/v1/auth/users_controller.rb:14:in `create'
  [1m[36mTRANSACTION (4.4ms)[0m  [1m[35mCOMMIT[0m
  â†³ app/controllers/api/v1/auth/users_controller.rb:14:in `create'
Completed 200 OK in 136ms (Views: 0.7ms | ActiveRecord: 21.0ms | Allocations: 25559)


  [1m[36mUser Load (6.0ms)[0m  [1m[34mSELECT `users`.* FROM `users`[0m
  [1m[35m (1.3ms)[0m  [1m[34mSELECT GET_LOCK('7201319334786434025', 0)[0m
  [1m[36mActiveRecord::SchemaMigration Pluck (11.9ms)[0m  [1m[34mSELECT `schema_migrations`.`version` FROM `schema_migrations` ORDER BY `schema_migrations`.`version` ASC[0m
Migrating to CreateMicroposts (20220319014251)
  [1m[35m (77.7ms)[0m  [1m[35mCREATE TABLE `microposts` (`id` bigint NOT NULL AUTO_INCREMENT PRIMARY KEY, `user_id` bigint NOT NULL, `content` text NOT NULL, `created_at` datetime(6) NOT NULL, `updated_at` datetime(6) NOT NULL, INDEX `index_microposts_on_user_id` (`user_id`), CONSTRAINT `fk_rails_558c81314b`
FOREIGN KEY (`user_id`)
  REFERENCES `users` (`id`)
)[0m
  [1m[36mTRANSACTION (0.4ms)[0m  [1m[35mBEGIN[0m
  [1m[36mActiveRecord::SchemaMigration Create (5.4ms)[0m  [1m[32mINSERT INTO `schema_migrations` (`version`) VALUES ('20220319014251')[0m
  [1m[36mTRANSACTION (3.2ms)[0m  [1m[35mCOMMIT[0m
  [1m[36mActiveRecord::InternalMetadata Load (3.5ms)[0m  [1m[34mSELECT `ar_internal_metadata`.* FROM `ar_internal_metadata` WHERE `ar_internal_metadata`.`key` = 'environment' LIMIT 1[0m
  [1m[35m (0.5ms)[0m  [1m[34mSELECT RELEASE_LOCK('7201319334786434025')[0m
  [1m[36mActiveRecord::SchemaMigration Pluck (0.6ms)[0m  [1m[34mSELECT `schema_migrations`.`version` FROM `schema_migrations` ORDER BY `schema_migrations`.`version` ASC[0m
Started POST "/api/v1/auth/users" for 172.18.0.1 at 2022-03-19 12:06:45 +0900
  [1m[36mActiveRecord::SchemaMigration Pluck (0.8ms)[0m  [1m[34mSELECT `schema_migrations`.`version` FROM `schema_migrations` ORDER BY `schema_migrations`.`version` ASC[0m
Processing by Api::V1::Auth::UsersController#create as */*
  Parameters: {"token"=>"[FILTERED]"}
Completed 500 Internal Server Error in 206ms (ActiveRecord: 0.0ms | Allocations: 17526)


  
ArgumentError (BadRequest Parameter):
  
app/controllers/api/v1/auth/users_controller.rb:10:in `create'
Started GET "/" for 172.18.0.1 at 2022-03-19 12:13:13 +0900
Started GET "/" for 172.18.0.1 at 2022-03-19 12:13:13 +0900
  [1m[36mActiveRecord::SchemaMigration Pluck (366.5ms)[0m  [1m[34mSELECT `schema_migrations`.`version` FROM `schema_migrations` ORDER BY `schema_migrations`.`version` ASC[0m
Processing by Rails::WelcomeController#index as HTML
Processing by Rails::WelcomeController#index as HTML
  Rendering /usr/local/bundle/gems/railties-7.0.2.3/lib/rails/templates/rails/welcome/index.html.erb
  Rendering /usr/local/bundle/gems/railties-7.0.2.3/lib/rails/templates/rails/welcome/index.html.erb
  Rendered /usr/local/bundle/gems/railties-7.0.2.3/lib/rails/templates/rails/welcome/index.html.erb (Duration: 40.7ms | Allocations: 862)
Completed 200 OK in 312ms (Views: 123.1ms | ActiveRecord: 0.0ms | Allocations: 7175)


  Rendered /usr/local/bundle/gems/railties-7.0.2.3/lib/rails/templates/rails/welcome/index.html.erb (Duration: 5.6ms | Allocations: 723)
Completed 200 OK in 368ms (Views: 140.9ms | ActiveRecord: 0.0ms | Allocations: 8462)


Started POST "/api/v1/auth/users" for 172.18.0.1 at 2022-03-19 12:13:21 +0900
Processing by Api::V1::Auth::UsersController#create as */*
  Parameters: {"token"=>"[FILTERED]"}
  [1m[36mUser Load (6.2ms)[0m  [1m[34mSELECT `users`.* FROM `users` WHERE `users`.`uid` = 'WDzn2cqQh7QFg2PPGRVGk1Cbcmx1' LIMIT 1[0m
  â†³ app/controllers/api/v1/auth/users_controller.rb:11:in `create'
  [1m[36mTRANSACTION (0.7ms)[0m  [1m[35mBEGIN[0m
  â†³ app/controllers/api/v1/auth/users_controller.rb:14:in `create'
  [1m[36mUser Create (2.5ms)[0m  [1m[32mINSERT INTO `users` (`name`, `uid`, `created_at`, `updated_at`) VALUES ('ä½è—¤å¤§åœ°', 'WDzn2cqQh7QFg2PPGRVGk1Cbcmx1', '2022-03-19 03:13:21.605039', '2022-03-19 03:13:21.605039')[0m
  â†³ app/controllers/api/v1/auth/users_controller.rb:14:in `create'
  [1m[36mTRANSACTION (4.6ms)[0m  [1m[35mCOMMIT[0m
  â†³ app/controllers/api/v1/auth/users_controller.rb:14:in `create'
[active_model_serializers] Rendered ActiveModel::Serializer::Null with User (0.43ms)
Completed 200 OK in 236ms (Views: 20.7ms | ActiveRecord: 39.3ms | Allocations: 13541)


Started POST "/api/v1/microposts" for 172.18.0.1 at 2022-03-19 12:16:41 +0900
Processing by Api::V1::MicropostsController#create as */*
  Parameters: {"micropost"=>{"content"=>"test"}}
Completed 500 Internal Server Error in 12ms (ActiveRecord: 0.0ms | Allocations: 2127)


  
NameError (undefined local variable or method `current_user' for #<Api::V1::MicropostsController:0x00000000020a58>):
  
app/controllers/api/v1/microposts_controller.rb:11:in `create'
Started POST "/api/v1/microposts" for 172.18.0.1 at 2022-03-19 12:17:01 +0900
Processing by Api::V1::MicropostsController#create as */*
  Parameters: {"micropost"=>{"content"=>"test"}, "token"=>"[FILTERED]"}
Completed 500 Internal Server Error in 10ms (ActiveRecord: 0.0ms | Allocations: 2019)


  
NameError (undefined local variable or method `current_user' for #<Api::V1::MicropostsController:0x00000000020af8>):
  
app/controllers/api/v1/microposts_controller.rb:11:in `create'
Started POST "/api/v1/microposts" for 172.18.0.1 at 2022-03-19 12:17:10 +0900
Processing by Api::V1::MicropostsController#create as */*
  Parameters: {"micropost"=>{"content"=>"test"}}
Completed 500 Internal Server Error in 11ms (ActiveRecord: 0.0ms | Allocations: 2018)


  
NameError (undefined local variable or method `current_user' for #<Api::V1::MicropostsController:0x00000000020b70>):
  
app/controllers/api/v1/microposts_controller.rb:11:in `create'
Started POST "/api/v1/microposts" for 172.18.0.1 at 2022-03-19 12:26:15 +0900
Processing by Api::V1::MicropostsController#create as */*
  Parameters: {"micropost"=>{"content"=>"test"}, "text/plain"=>["eyJhbGciOiJSUzI1NiIsImtpZCI6ImYxZDU2YTI1MWU0ZGRhM2Y0NWM0MWZkNWQ0ZGEwMWQyYjlkNzJlMGQiLCJ0eXAiOiJKV1QifQ.eyJuYW1lIjoi5L2Q6Jek5aSn5ZywIiwicGljdHVyZSI6Imh0dHBzOi8vbGgzLmdvb2dsZXVzZXJjb250ZW50LmNvbS9hL0FBVFhBSnhXa0REeU1GU2s0NXBsN1lNU0Nub1Q4UVJfMFNwTzBvUm56SjI4PXM5Ni1jIiwiaXNzIjoiaHR0cHM6Ly9zZWN1cmV0b2tlbi5nb29nbGUuY29tL2FkbWluLXByYWN0aWNlLTQxOTMzIiwiYXVkIjoiYWRtaW4tcHJhY3RpY2UtNDE5MzMiLCJhdXRoX3RpbWUiOjE2NDcyOTk4OTMsInVzZXJfaWQiOiJXRHpuMmNxUWg3UUZnMlBQR1JWR2sxQ2JjbXgxIiwic3ViIjoiV0R6bjJjcVFoN1FGZzJQUEdSVkdrMUNiY214MSIsImlhdCI6MTY0NzY1OTI3NywiZXhwIjoxNjQ3NjYyODc3LCJlbWFpbCI6ImRhaWNoaWV4cGVyaWVuY2VAZ21haWwuY29tIiwiZW1haWxfdmVyaWZpZWQiOnRydWUsImZpcmViYXNlIjp7ImlkZW50aXRpZXMiOnsiZ29vZ2xlLmNvbSI6WyIxMTM0MzU2MDYxODE3NTk2MjcwNjIiXSwiZW1haWwiOlsiZGFpY2hpZXhwZXJpZW5jZUBnbWFpbC5jb20iXX0sInNpZ25faW5fcHJvdmlkZXIiOiJnb29nbGUuY29tIn19.PY0iO2d9sSa0vZG-Jd87MMLEaHIEf3gQZkjr928sY57IFxBCurvpqqRL7AxB7K-SHCf4W0QCkQINY-CbiyYiz76Au1h09wcoSAcJj2k96De_bPZTbOtHvA2vOoL9xjTqc1UzSWD_9YgI4fZJD3wSnmApHFL9XPVZsgVbfIHkscnyS9b0SWrnKCUZdqsZhhNdIplqvJQnpsVjL9AAsWqVOli86PpWb477ruDd7d1kibDOgGvVqPMKjm4z02Cp3q27BGoYMJbSXLHmtqt4xnoX4U4ZW3u8M8MxFMbo-WGPn7PvTcp1GICvuwOHmx015pXPKuCSCvvBmkHPxUFzPwlP5A\n"]}
Completed 500 Internal Server Error in 14ms (Allocations: 2018)


  
NameError (undefined local variable or method `current_user' for #<Api::V1::MicropostsController:0x00000000020c38>):
  
app/controllers/api/v1/microposts_controller.rb:11:in `create'
Started POST "/api/v1/microposts" for 172.18.0.1 at 2022-03-19 12:26:19 +0900
Processing by Api::V1::MicropostsController#create as */*
  Parameters: {"micropost"=>{"content"=>"test"}}
Completed 500 Internal Server Error in 11ms (Allocations: 2018)


  
NameError (undefined local variable or method `current_user' for #<Api::V1::MicropostsController:0x00000000020cb0>):
  
app/controllers/api/v1/microposts_controller.rb:11:in `create'
Started POST "/api/v1/microposts" for 172.18.0.1 at 2022-03-19 12:29:37 +0900
Processing by Api::V1::MicropostsController#create as */*
  Parameters: {"micropost"=>{"content"=>"test"}}
Filter chain halted as :authenticate_user rendered or redirected
Completed 401 Unauthorized in 2ms (Allocations: 184)


Started POST "/api/v1/microposts" for 172.18.0.1 at 2022-03-19 12:30:01 +0900
Processing by Api::V1::MicropostsController#create as */*
  Parameters: {"micropost"=>{"content"=>"test"}, "token"=>"[FILTERED]"}
  [1m[36mUser Load (5.0ms)[0m  [1m[34mSELECT `users`.* FROM `users` WHERE `users`.`uid` = 'WDzn2cqQh7QFg2PPGRVGk1Cbcmx1' LIMIT 1[0m
  [1m[36mTRANSACTION (0.7ms)[0m  [1m[35mBEGIN[0m
  â†³ app/controllers/api/v1/microposts_controller.rb:11:in `create'
  [1m[36mMicropost Create (9.5ms)[0m  [1m[32mINSERT INTO `microposts` (`user_id`, `content`, `created_at`, `updated_at`) VALUES (2, 'test', '2022-03-19 03:30:01.633621', '2022-03-19 03:30:01.633621')[0m
  â†³ app/controllers/api/v1/microposts_controller.rb:11:in `create'
  [1m[36mTRANSACTION (5.8ms)[0m  [1m[35mCOMMIT[0m
  â†³ app/controllers/api/v1/microposts_controller.rb:11:in `create'
[active_model_serializers] Rendered MicropostSerializer with ActiveModelSerializers::Adapter::Attributes (1.4ms)
Completed 200 OK in 731ms (Views: 63.3ms | ActiveRecord: 30.4ms | Allocations: 99004)


Started POST "/api/v1/microposts" for 172.18.0.1 at 2022-03-19 12:30:46 +0900
Processing by Api::V1::MicropostsController#create as */*
  Parameters: {"micropost"=>{"content"=>"test2"}, "token"=>"[FILTERED]"}
Completed 500 Internal Server Error in 12ms (ActiveRecord: 0.0ms | Allocations: 2071)


  
NameError (undefined local variable or method `current_user' for #<Api::V1::MicropostsController:0x00000000028690>):
  
app/controllers/api/v1/microposts_controller.rb:11:in `create'
Started POST "/api/v1/microposts" for 172.18.0.1 at 2022-03-19 12:31:05 +0900
Processing by Api::V1::MicropostsController#create as */*
  Parameters: {"micropost"=>{"content"=>"test2"}, "token"=>"[FILTERED]"}
Completed 500 Internal Server Error in 11ms (ActiveRecord: 0.0ms | Allocations: 2069)


  
NameError (undefined local variable or method `current_user' for #<Api::V1::MicropostsController:0x0000000002c218>):
  
app/controllers/api/v1/microposts_controller.rb:11:in `create'
Started POST "/api/v1/microposts" for 172.18.0.1 at 2022-03-19 12:31:06 +0900
Processing by Api::V1::MicropostsController#create as */*
  Parameters: {"micropost"=>{"content"=>"test2"}, "token"=>"[FILTERED]"}
Completed 500 Internal Server Error in 11ms (ActiveRecord: 0.0ms | Allocations: 2018)


  
NameError (undefined local variable or method `current_user' for #<Api::V1::MicropostsController:0x0000000002c290>):
  
app/controllers/api/v1/microposts_controller.rb:11:in `create'
Started POST "/api/v1/microposts" for 172.18.0.1 at 2022-03-19 12:31:07 +0900
Processing by Api::V1::MicropostsController#create as */*
  Parameters: {"micropost"=>{"content"=>"test2"}, "token"=>"[FILTERED]"}
Completed 500 Internal Server Error in 11ms (ActiveRecord: 0.0ms | Allocations: 2018)


  
NameError (undefined local variable or method `current_user' for #<Api::V1::MicropostsController:0x0000000002c308>):
  
app/controllers/api/v1/microposts_controller.rb:11:in `create'
Started POST "/api/v1/microposts" for 172.18.0.1 at 2022-03-19 12:31:07 +0900
Processing by Api::V1::MicropostsController#create as */*
  Parameters: {"micropost"=>{"content"=>"test2"}, "token"=>"[FILTERED]"}
Completed 500 Internal Server Error in 62ms (ActiveRecord: 0.0ms | Allocations: 2018)


  
NameError (undefined local variable or method `current_user' for #<Api::V1::MicropostsController:0x0000000002c380>):
  
app/controllers/api/v1/microposts_controller.rb:11:in `create'
Started POST "/api/v1/microposts" for 172.18.0.1 at 2022-03-19 12:31:08 +0900
Processing by Api::V1::MicropostsController#create as */*
  Parameters: {"micropost"=>{"content"=>"test2"}, "token"=>"[FILTERED]"}
Completed 500 Internal Server Error in 11ms (ActiveRecord: 0.0ms | Allocations: 2018)


  
NameError (undefined local variable or method `current_user' for #<Api::V1::MicropostsController:0x0000000002c3f8>):
  
app/controllers/api/v1/microposts_controller.rb:11:in `create'
Started POST "/api/v1/microposts" for 172.18.0.1 at 2022-03-19 12:31:19 +0900
Processing by Api::V1::MicropostsController#create as */*
  Parameters: {"micropost"=>{"content"=>"test2"}, "token"=>"[FILTERED]"}
  [1m[36mUser Load (0.7ms)[0m  [1m[34mSELECT `users`.* FROM `users` WHERE `users`.`uid` = 'WDzn2cqQh7QFg2PPGRVGk1Cbcmx1' LIMIT 1[0m
  [1m[36mTRANSACTION (0.7ms)[0m  [1m[35mBEGIN[0m
  â†³ app/controllers/api/v1/microposts_controller.rb:11:in `create'
  [1m[36mMicropost Create (2.3ms)[0m  [1m[32mINSERT INTO `microposts` (`user_id`, `content`, `created_at`, `updated_at`) VALUES (2, 'test2', '2022-03-19 03:31:20.145675', '2022-03-19 03:31:20.145675')[0m
  â†³ app/controllers/api/v1/microposts_controller.rb:11:in `create'
  [1m[36mTRANSACTION (4.6ms)[0m  [1m[35mCOMMIT[0m
  â†³ app/controllers/api/v1/microposts_controller.rb:11:in `create'
[active_model_serializers] Rendered MicropostSerializer with ActiveModelSerializers::Adapter::Attributes (1.43ms)
Completed 200 OK in 100ms (Views: 3.4ms | ActiveRecord: 19.5ms | Allocations: 11535)


Started GET "/api/v1/microposts" for 172.18.0.1 at 2022-03-19 12:31:25 +0900
Processing by Api::V1::MicropostsController#index as */*
  Parameters: {"micropost"=>{"content"=>"test2"}, "token"=>"[FILTERED]"}
  [1m[36mUser Load (0.9ms)[0m  [1m[34mSELECT `users`.* FROM `users` WHERE `users`.`uid` = 'WDzn2cqQh7QFg2PPGRVGk1Cbcmx1' LIMIT 1[0m
  â†³ app/controllers/api/v1/microposts_controller.rb:7:in `index'
  [1m[36mMicropost Load (0.9ms)[0m  [1m[34mSELECT `microposts`.* FROM `microposts` ORDER BY `microposts`.`created_at` DESC[0m
  â†³ app/controllers/api/v1/microposts_controller.rb:7:in `index'
  [1m[36mUser Load (0.9ms)[0m  [1m[34mSELECT `users`.* FROM `users` WHERE `users`.`id` = 2[0m
  â†³ app/controllers/api/v1/microposts_controller.rb:7:in `index'
[active_model_serializers] Rendered ActiveModel::Serializer::CollectionSerializer with ActiveModelSerializers::Adapter::Attributes (1.48ms)
Completed 200 OK in 93ms (Views: 88.5ms | ActiveRecord: 2.7ms | Allocations: 7778)


Started GET "/api/v1/microposts" for 172.18.0.1 at 2022-03-19 12:31:28 +0900
Processing by Api::V1::MicropostsController#index as */*
  Parameters: {"micropost"=>{"content"=>"test2"}}
  [1m[36mMicropost Load (0.8ms)[0m  [1m[34mSELECT `microposts`.* FROM `microposts` ORDER BY `microposts`.`created_at` DESC[0m
  â†³ app/controllers/api/v1/microposts_controller.rb:7:in `index'
  [1m[36mUser Load (0.9ms)[0m  [1m[34mSELECT `users`.* FROM `users` WHERE `users`.`id` = 2[0m
  â†³ app/controllers/api/v1/microposts_controller.rb:7:in `index'
[active_model_serializers] Rendered ActiveModel::Serializer::CollectionSerializer with ActiveModelSerializers::Adapter::Attributes (1.5ms)
Completed 200 OK in 19ms (Views: 16.3ms | ActiveRecord: 1.6ms | Allocations: 2689)


Started GET "/api/v1/microposts" for 172.18.0.1 at 2022-03-19 12:31:35 +0900
Processing by Api::V1::MicropostsController#index as */*
  Parameters: {"micropost"=>{"content"=>"test2"}, "token"=>"[FILTERED]"}
  [1m[36mUser Load (0.8ms)[0m  [1m[34mSELECT `users`.* FROM `users` WHERE `users`.`uid` = 'WDzn2cqQh7QFg2PPGRVGk1Cbcmx1' LIMIT 1[0m
  â†³ app/controllers/api/v1/microposts_controller.rb:7:in `index'
  [1m[36mMicropost Load (1.1ms)[0m  [1m[34mSELECT `microposts`.* FROM `microposts` ORDER BY `microposts`.`created_at` DESC[0m
  â†³ app/controllers/api/v1/microposts_controller.rb:7:in `index'
  [1m[36mUser Load (0.9ms)[0m  [1m[34mSELECT `users`.* FROM `users` WHERE `users`.`id` = 2[0m
  â†³ app/controllers/api/v1/microposts_controller.rb:7:in `index'
[active_model_serializers] Rendered ActiveModel::Serializer::CollectionSerializer with ActiveModelSerializers::Adapter::Attributes (1.24ms)
Completed 200 OK in 23ms (Views: 19.4ms | ActiveRecord: 2.8ms | Allocations: 3391)


Started POST "/api/v1/microposts" for 172.18.0.1 at 2022-03-19 12:37:49 +0900
Processing by Api::V1::MicropostsController#create as */*
  Parameters: {"micropost"=>{"content"=>"test3"}, "token"=>"[FILTERED]"}
  [1m[36mUser Load (0.9ms)[0m  [1m[34mSELECT `users`.* FROM `users` WHERE `users`.`uid` = 'WDzn2cqQh7QFg2PPGRVGk1Cbcmx1' LIMIT 1[0m
  [1m[36mTRANSACTION (0.7ms)[0m  [1m[35mBEGIN[0m
  â†³ app/controllers/api/v1/microposts_controller.rb:11:in `create'
  [1m[36mMicropost Create (1.8ms)[0m  [1m[32mINSERT INTO `microposts` (`user_id`, `content`, `created_at`, `updated_at`) VALUES (2, 'test3', '2022-03-19 03:37:49.961009', '2022-03-19 03:37:49.961009')[0m
  â†³ app/controllers/api/v1/microposts_controller.rb:11:in `create'
  [1m[36mTRANSACTION (6.1ms)[0m  [1m[35mCOMMIT[0m
  â†³ app/controllers/api/v1/microposts_controller.rb:11:in `create'
[active_model_serializers] Rendered MicropostSerializer with ActiveModelSerializers::Adapter::Attributes (0.8ms)
Completed 200 OK in 41ms (Views: 2.4ms | ActiveRecord: 10.2ms | Allocations: 4030)


